<?xml version="1.0" encoding="UTF-8"?>
<!-- Generated by org.testng.reporters.JUnitReportReporter -->
<testsuite hostname="fspratik-ThinkPad-L480" failures="0" tests="1" name="com.qa.tests.Employee" time="2.820" errors="0" timestamp="2024-01-16T08:50:47 IST" skipped="0">
  <testcase classname="com.qa.tests.Employee" name="Validate_url" time="2.820"/>
</testsuite> <!-- com.qa.tests.Employee -->
