<?xml version="1.0" encoding="UTF-8"?>
<!-- Generated by org.testng.reporters.JUnitReportReporter -->
<testsuite hostname="fspratik-ThinkPad-L480" failures="0" tests="3" name="com.qa.tests.Employee" time="2.831" errors="0" timestamp="2024-01-17T11:53:30 IST" skipped="0">
  <testcase classname="com.qa.tests.Employee" name="Validate_url" time="2.326"/>
  <testcase classname="com.qa.tests.Employee" name="launch" time="0.115"/>
  <testcase classname="com.qa.tests.Employee" name="user_name" time="0.390"/>
</testsuite> <!-- com.qa.tests.Employee -->
