<?xml version="1.0" encoding="UTF-8"?>
<!-- Generated by org.testng.reporters.JUnitReportReporter -->
<testsuite hostname="fspratik-ThinkPad-L480" failures="0" tests="2" name="com.qa.tests.Employee" time="0.450" errors="0" timestamp="2024-01-15T15:27:49 IST" skipped="0">
  <testcase classname="com.qa.tests.Employee" name="launch" time="0.050"/>
  <testcase classname="com.qa.tests.Employee" name="user_name" time="0.400"/>
</testsuite> <!-- com.qa.tests.Employee -->
