<?xml version="1.0" encoding="UTF-8"?>
<!-- Generated by org.testng.reporters.JUnitReportReporter -->
<testsuite hostname="fspratik-ThinkPad-L480" failures="0" tests="2" name="com.qa.tests.Employee" time="0.480" errors="0" timestamp="2024-01-12T16:51:48 IST" skipped="0">
  <testcase classname="com.qa.tests.Employee" name="user_name" time="0.397"/>
  <testcase classname="com.qa.tests.Employee" name="launch" time="0.083"/>
</testsuite> <!-- com.qa.tests.Employee -->
