<?xml version="1.0" encoding="UTF-8"?>
<!-- Generated by org.testng.reporters.JUnitReportReporter -->
<testsuite hostname="fspratik-ThinkPad-L480" failures="0" tests="1" name="com.qa.tests.Employee" time="0.465" errors="0" timestamp="2024-01-19T12:08:46 IST" skipped="0">
  <testcase classname="com.qa.tests.Employee" name="user_name" time="0.465"/>
</testsuite> <!-- com.qa.tests.Employee -->
