<?xml version="1.0" encoding="UTF-8"?>
<!-- Generated by org.testng.reporters.JUnitReportReporter -->
<testsuite hostname="fspratik-ThinkPad-L480" failures="0" tests="4" name="com.qa.tests.Employee" time="0.009" errors="0" timestamp="2024-01-12T09:29:26 IST" skipped="0">
  <testcase classname="com.qa.tests.Employee" name="div" time="0.007"/>
  <testcase classname="com.qa.tests.Employee" name="sub" time="0.001"/>
  <testcase classname="com.qa.tests.Employee" name="sum" time="0.000"/>
  <testcase classname="com.qa.tests.Employee" name="mul" time="0.001"/>
</testsuite> <!-- com.qa.tests.Employee -->
