<?xml version="1.0" encoding="UTF-8"?>
<!-- Generated by org.testng.reporters.JUnitReportReporter -->
<testsuite hostname="fspratik-ThinkPad-L480" failures="0" tests="3" name="com.qa.tests.Employee" time="54.121" errors="0" timestamp="2024-01-18T17:40:04 IST" skipped="0">
  <testcase classname="com.qa.tests.Employee" name="Validate_url" time="53.551"/>
  <testcase classname="com.qa.tests.Employee" name="launch" time="0.036"/>
  <testcase classname="com.qa.tests.Employee" name="user_name" time="0.534"/>
</testsuite> <!-- com.qa.tests.Employee -->
