<?xml version="1.0" encoding="UTF-8"?>
<!-- Generated by org.testng.reporters.JUnitReportReporter -->
<testsuite hostname="fspratik-ThinkPad-L480" failures="0" tests="2" name="com.qa.tests.Employee" time="0.479" errors="0" timestamp="2024-01-16T10:02:28 IST" skipped="0">
  <testcase classname="com.qa.tests.Employee" name="launch" time="0.042"/>
  <testcase classname="com.qa.tests.Employee" name="user_name" time="0.437"/>
</testsuite> <!-- com.qa.tests.Employee -->
